<?xml version="1.0" encoding="UTF-8"?>
<testng-results skipped="0" failed="0" ignored="0" total="1" passed="1">
  <reporter-output>
  </reporter-output>
  <suite name="Default suite" duration-ms="26112" started-at="2020-02-02T17:49:02Z" finished-at="2020-02-02T17:49:28Z">
    <groups>
    </groups>
    <test name="Default test" duration-ms="26112" started-at="2020-02-02T17:49:02Z" finished-at="2020-02-02T17:49:28Z">
      <class name="com.Learning.LoginTest">
        <test-method status="PASS" signature="loginValidation()[pri:0, instance:com.Learning.LoginTest@68c4039c]" name="loginValidation" duration-ms="25992" started-at="2020-02-02T17:49:02Z" finished-at="2020-02-02T17:49:28Z">
          <reporter-output>
          </reporter-output>
        </test-method> <!-- loginValidation -->
      </class> <!-- com.Learning.LoginTest -->
    </test> <!-- Default test -->
  </suite> <!-- Default suite -->
</testng-results>
