<?xml version="1.0" encoding="UTF-8"?>
<testng-results skipped="0" failed="0" ignored="0" total="1" passed="1">
  <reporter-output>
  </reporter-output>
  <suite name="Default suite" duration-ms="3363" started-at="2020-01-20T01:59:43Z" finished-at="2020-01-20T01:59:47Z">
    <groups>
    </groups>
    <test name="Default test" duration-ms="3363" started-at="2020-01-20T01:59:43Z" finished-at="2020-01-20T01:59:47Z">
      <class name="TC04_GET_Authentication">
        <test-method status="PASS" signature="authenticationTest()[pri:0, instance:TC04_GET_Authentication@1bce4f0a]" name="authenticationTest" duration-ms="3296" started-at="2020-01-20T01:59:43Z" finished-at="2020-01-20T01:59:47Z">
          <reporter-output>
          </reporter-output>
        </test-method> <!-- authenticationTest -->
      </class> <!-- TC04_GET_Authentication -->
    </test> <!-- Default test -->
  </suite> <!-- Default suite -->
</testng-results>
